<?xml version="1.0" encoding="UTF-8"?>
<!-- Generated by org.testng.reporters.JUnitReportReporter -->
<testsuite hostname="Dhanya" failures="0" tests="2" name="seleniumPakage1.TestNGAnnotations" time="0.031" errors="0" timestamp="2023-02-16T07:36:55 IST" skipped="0">
  <testcase classname="seleniumPakage1.TestNGAnnotations" name="test1" time="0.015"/>
  <system-out/>
  <testcase classname="seleniumPakage1.TestNGAnnotations" name="test2" time="0.016"/>
  <system-out/>
</testsuite> <!-- seleniumPakage1.TestNGAnnotations -->
